<?xml version="1.0" encoding="UTF-8"?>
<!-- Generated by org.testng.reporters.JUnitXMLReporter -->
<testsuite ignored="0" hostname="Resmy-ThinkPad" failures="2" tests="9" name="Default test" time="7.154" errors="0" timestamp="2026-04-20T14:39:01 PDT">
  <testcase classname="io.cucumber.testng.AbstractTestNGCucumberTests" name="runScenario" time="1.472"/>
  <testcase classname="io.cucumber.testng.AbstractTestNGCucumberTests" name="runScenario" time="0.792"/>
  <testcase classname="io.cucumber.testng.AbstractTestNGCucumberTests" name="runScenario" time="0.367"/>
  <testcase classname="io.cucumber.testng.AbstractTestNGCucumberTests" name="runScenario" time="0.345"/>
  <testcase classname="io.cucumber.testng.AbstractTestNGCucumberTests" name="runScenario" time="0.359">
    <failure type="java.lang.AssertionError" message="Status code mismatch expected [200] but found [404]">
      <![CDATA[java.lang.AssertionError: Status code mismatch expected [200] but found [404]
at org.testng.Assert.fail(Assert.java:111)
at org.testng.Assert.failNotEquals(Assert.java:1578)
at org.testng.Assert.assertEqualsImpl(Assert.java:150)
at org.testng.Assert.assertEquals(Assert.java:132)
at org.testng.Assert.assertEquals(Assert.java:1419)
at org.testng.Assert.assertEquals(Assert.java:1383)
at stepDefinitions.DeleteOrderByIdSteps.admin_receives_ok_with_order_id_details(DeleteOrderByIdSteps.java:55)
at ✽.Admin receives 200 ok with order id details(file:///C:/Users/resmy/eclipse-workspace/PetStore_RestAssured_JsonData/src/test/resources/features/store/DeleteOrderById.feature:9)
]]>
    </failure>
  </testcase> <!-- runScenario -->
  <testcase classname="io.cucumber.testng.AbstractTestNGCucumberTests" name="runScenario" time="0.352"/>
  <testcase classname="io.cucumber.testng.AbstractTestNGCucumberTests" name="runScenario" time="0.346">
    <failure type="java.lang.AssertionError" message="Status code mismatch expected [200] but found [404]">
      <![CDATA[java.lang.AssertionError: Status code mismatch expected [200] but found [404]
at org.testng.Assert.fail(Assert.java:111)
at org.testng.Assert.failNotEquals(Assert.java:1578)
at org.testng.Assert.assertEqualsImpl(Assert.java:150)
at org.testng.Assert.assertEquals(Assert.java:132)
at org.testng.Assert.assertEquals(Assert.java:1419)
at org.testng.Assert.assertEquals(Assert.java:1383)
at stepDefinitions.GetOrderByIdSteps.admin_receives_ok_with_details_of_the_order_id(GetOrderByIdSteps.java:55)
at ✽.Admin receives 200 ok with details of the order id(file:///C:/Users/resmy/eclipse-workspace/PetStore_RestAssured_JsonData/src/test/resources/features/store/GetOrderById.feature:8)
]]>
    </failure>
  </testcase> <!-- runScenario -->
  <testcase classname="io.cucumber.testng.AbstractTestNGCucumberTests" name="runScenario" time="0.349"/>
  <testcase classname="io.cucumber.testng.AbstractTestNGCucumberTests" name="runScenario" time="0.353"/>
</testsuite> <!-- Default test -->
