<?xml version="1.0" encoding="UTF-8"?>
<testng-results ignored="0" total="9" passed="5" failed="4" skipped="0">
  <reporter-output>
  </reporter-output>
  <suite started-at="2026-05-01T13:30:26 EDT" name="Default suite" finished-at="2026-05-01T13:30:41 EDT" duration-ms="14797">
    <groups>
      <group name="cucumber">
        <method signature="AbstractTestNGCucumberTests.runScenario(io.cucumber.testng.PickleWrapper,io.cucumber.testng.FeatureWrapper)[pri:0, instance:runner.testRunner@ed7f8b4]" name="runScenario" class="io.cucumber.testng.AbstractTestNGCucumberTests"/>
      </group> <!-- cucumber -->
    </groups>
    <test started-at="2026-05-01T13:30:26 EDT" name="Default test" finished-at="2026-05-01T13:30:41 EDT" duration-ms="14797">
      <class name="runner.testRunner">
        <test-method is-config="true" signature="setUpClass(org.testng.ITestContext)[pri:0, instance:runner.testRunner@ed7f8b4]" started-at="2026-05-01T13:30:26 EDT" name="setUpClass" finished-at="2026-05-01T13:30:30 EDT" duration-ms="4067" status="PASS">
          <params>
            <param index="0">
              <value>
                <![CDATA[org.testng.TestRunner@43255f91]]>
              </value>
            </param>
          </params>
          <reporter-output>
          </reporter-output>
        </test-method> <!-- setUpClass -->
        <test-method signature="runScenario(io.cucumber.testng.PickleWrapper,io.cucumber.testng.FeatureWrapper)[pri:0, instance:runner.testRunner@ed7f8b4]" started-at="2026-05-01T13:30:30 EDT" name="runScenario" description="Runs Cucumber Scenarios" data-provider="scenarios" finished-at="2026-05-01T13:30:34 EDT" duration-ms="3486" status="FAIL">
          <params>
            <param index="0">
              <value>
                <![CDATA["Successfully add a new pet with valid data"]]>
              </value>
            </param>
            <param index="1">
              <value>
                <![CDATA["Add a new pet to the store"]]>
              </value>
            </param>
          </params>
          <exception class="java.lang.AssertionError">
            <message>
              <![CDATA[Status code mismatch expected [200] but found [405]]]>
            </message>
            <full-stacktrace>
              <![CDATA[java.lang.AssertionError: Status code mismatch expected [200] but found [405]
at org.testng.Assert.fail(Assert.java:111)
at org.testng.Assert.failNotEquals(Assert.java:1578)
at org.testng.Assert.assertEqualsImpl(Assert.java:150)
at org.testng.Assert.assertEquals(Assert.java:132)
at org.testng.Assert.assertEquals(Assert.java:1419)
at org.testng.Assert.assertEquals(Assert.java:1383)
at stepDefinitions.AddNewPetSteps.a_new_pet_is_added_to_the_store_and_admin_receives_response_code(AddNewPetSteps.java:73)
at ✽.A new pet is added to the store and admin receives response code 200(file:///C:/Users/LaksA/eclipse-workspace/PetStore/src/test/resources/features/pet/01_addNewPet.feature:10)
]]>
            </full-stacktrace>
          </exception> <!-- java.lang.AssertionError -->
          <reporter-output>
          </reporter-output>
        </test-method> <!-- runScenario -->
        <test-method signature="runScenario(io.cucumber.testng.PickleWrapper,io.cucumber.testng.FeatureWrapper)[pri:0, instance:runner.testRunner@ed7f8b4]" started-at="2026-05-01T13:30:34 EDT" name="runScenario" description="Runs Cucumber Scenarios" data-provider="scenarios" finished-at="2026-05-01T13:30:34 EDT" duration-ms="260" status="FAIL">
          <params>
            <param index="0">
              <value>
                <![CDATA["Successfully add a new pet with valid data"]]>
              </value>
            </param>
            <param index="1">
              <value>
                <![CDATA["Add a new pet to the store"]]>
              </value>
            </param>
          </params>
          <exception class="java.lang.AssertionError">
            <message>
              <![CDATA[Status code mismatch expected [200] but found [405]]]>
            </message>
            <full-stacktrace>
              <![CDATA[java.lang.AssertionError: Status code mismatch expected [200] but found [405]
at org.testng.Assert.fail(Assert.java:111)
at org.testng.Assert.failNotEquals(Assert.java:1578)
at org.testng.Assert.assertEqualsImpl(Assert.java:150)
at org.testng.Assert.assertEquals(Assert.java:132)
at org.testng.Assert.assertEquals(Assert.java:1419)
at org.testng.Assert.assertEquals(Assert.java:1383)
at stepDefinitions.AddNewPetSteps.a_new_pet_is_added_to_the_store_and_admin_receives_response_code(AddNewPetSteps.java:73)
at ✽.A new pet is added to the store and admin receives response code 200(file:///C:/Users/LaksA/eclipse-workspace/PetStore/src/test/resources/features/pet/01_addNewPet.feature:10)
]]>
            </full-stacktrace>
          </exception> <!-- java.lang.AssertionError -->
          <reporter-output>
          </reporter-output>
        </test-method> <!-- runScenario -->
        <test-method signature="runScenario(io.cucumber.testng.PickleWrapper,io.cucumber.testng.FeatureWrapper)[pri:0, instance:runner.testRunner@ed7f8b4]" started-at="2026-05-01T13:30:34 EDT" name="runScenario" description="Runs Cucumber Scenarios" data-provider="scenarios" finished-at="2026-05-01T13:30:34 EDT" duration-ms="286" status="FAIL">
          <params>
            <param index="0">
              <value>
                <![CDATA["Successfully retrieve the pet details by pet id"]]>
              </value>
            </param>
            <param index="1">
              <value>
                <![CDATA["Get Pet by Id"]]>
              </value>
            </param>
          </params>
          <exception class="java.lang.AssertionError">
            <message>
              <![CDATA[Status code mismatch expected [200] but found [404]]]>
            </message>
            <full-stacktrace>
              <![CDATA[java.lang.AssertionError: Status code mismatch expected [200] but found [404]
at org.testng.Assert.fail(Assert.java:111)
at org.testng.Assert.failNotEquals(Assert.java:1578)
at org.testng.Assert.assertEqualsImpl(Assert.java:150)
at org.testng.Assert.assertEquals(Assert.java:132)
at org.testng.Assert.assertEquals(Assert.java:1419)
at org.testng.Assert.assertEquals(Assert.java:1383)
at stepDefinitions.GetPetSteps.the_pet_details_are_retrieved_and_admin_receives_response_code(GetPetSteps.java:63)
at ✽.The pet details are retrieved and admin receives response code 200(file:///C:/Users/LaksA/eclipse-workspace/PetStore/src/test/resources/features/pet/02_GetPet.feature:8)
]]>
            </full-stacktrace>
          </exception> <!-- java.lang.AssertionError -->
          <reporter-output>
          </reporter-output>
        </test-method> <!-- runScenario -->
        <test-method signature="runScenario(io.cucumber.testng.PickleWrapper,io.cucumber.testng.FeatureWrapper)[pri:0, instance:runner.testRunner@ed7f8b4]" started-at="2026-05-01T13:30:34 EDT" name="runScenario" description="Runs Cucumber Scenarios" data-provider="scenarios" finished-at="2026-05-01T13:30:34 EDT" duration-ms="221" status="FAIL">
          <params>
            <param index="0">
              <value>
                <![CDATA["Successfully delete the pet details by pet id"]]>
              </value>
            </param>
            <param index="1">
              <value>
                <![CDATA["Delete Pet by Id"]]>
              </value>
            </param>
          </params>
          <exception class="java.lang.AssertionError">
            <message>
              <![CDATA[Status code mismatch expected [200] but found [404]]]>
            </message>
            <full-stacktrace>
              <![CDATA[java.lang.AssertionError: Status code mismatch expected [200] but found [404]
at org.testng.Assert.fail(Assert.java:111)
at org.testng.Assert.failNotEquals(Assert.java:1578)
at org.testng.Assert.assertEqualsImpl(Assert.java:150)
at org.testng.Assert.assertEquals(Assert.java:132)
at org.testng.Assert.assertEquals(Assert.java:1419)
at org.testng.Assert.assertEquals(Assert.java:1383)
at stepDefinitions.DeletePetSteps.the_pet_details_are_deleted_and_admin_receives_response_code(DeletePetSteps.java:56)
at ✽.The pet details are Deleted and admin receives response code 200(file:///C:/Users/LaksA/eclipse-workspace/PetStore/src/test/resources/features/pet/07_deletePet.feature:8)
]]>
            </full-stacktrace>
          </exception> <!-- java.lang.AssertionError -->
          <reporter-output>
          </reporter-output>
        </test-method> <!-- runScenario -->
        <test-method signature="runScenario(io.cucumber.testng.PickleWrapper,io.cucumber.testng.FeatureWrapper)[pri:0, instance:runner.testRunner@ed7f8b4]" started-at="2026-05-01T13:30:34 EDT" name="runScenario" description="Runs Cucumber Scenarios" data-provider="scenarios" finished-at="2026-05-01T13:30:35 EDT" duration-ms="591" status="PASS">
          <params>
            <param index="0">
              <value>
                <![CDATA["Successfully Place an Order for the pet with valid data"]]>
              </value>
            </param>
            <param index="1">
              <value>
                <![CDATA["Place an Order for purchasing the Pet"]]>
              </value>
            </param>
          </params>
          <reporter-output>
          </reporter-output>
        </test-method> <!-- runScenario -->
        <test-method signature="runScenario(io.cucumber.testng.PickleWrapper,io.cucumber.testng.FeatureWrapper)[pri:0, instance:runner.testRunner@ed7f8b4]" started-at="2026-05-01T13:30:35 EDT" name="runScenario" description="Runs Cucumber Scenarios" data-provider="scenarios" finished-at="2026-05-01T13:30:35 EDT" duration-ms="251" status="PASS">
          <params>
            <param index="0">
              <value>
                <![CDATA["Successfully Place an Order for the pet with valid data"]]>
              </value>
            </param>
            <param index="1">
              <value>
                <![CDATA["Place an Order for purchasing the Pet"]]>
              </value>
            </param>
          </params>
          <reporter-output>
          </reporter-output>
        </test-method> <!-- runScenario -->
        <test-method signature="runScenario(io.cucumber.testng.PickleWrapper,io.cucumber.testng.FeatureWrapper)[pri:0, instance:runner.testRunner@ed7f8b4]" started-at="2026-05-01T13:30:35 EDT" name="runScenario" description="Runs Cucumber Scenarios" data-provider="scenarios" finished-at="2026-05-01T13:30:35 EDT" duration-ms="235" status="PASS">
          <params>
            <param index="0">
              <value>
                <![CDATA["Verify Inventory is fetched successfully"]]>
              </value>
            </param>
            <param index="1">
              <value>
                <![CDATA["Returns Pet Inventories by Status"]]>
              </value>
            </param>
          </params>
          <reporter-output>
          </reporter-output>
        </test-method> <!-- runScenario -->
        <test-method signature="runScenario(io.cucumber.testng.PickleWrapper,io.cucumber.testng.FeatureWrapper)[pri:0, instance:runner.testRunner@ed7f8b4]" started-at="2026-05-01T13:30:35 EDT" name="runScenario" description="Runs Cucumber Scenarios" data-provider="scenarios" finished-at="2026-05-01T13:30:36 EDT" duration-ms="224" status="PASS">
          <params>
            <param index="0">
              <value>
                <![CDATA["Check admin able to retrieve Order by ID"]]>
              </value>
            </param>
            <param index="1">
              <value>
                <![CDATA["Find Purchase Order by Id"]]>
              </value>
            </param>
          </params>
          <reporter-output>
          </reporter-output>
        </test-method> <!-- runScenario -->
        <test-method signature="runScenario(io.cucumber.testng.PickleWrapper,io.cucumber.testng.FeatureWrapper)[pri:0, instance:runner.testRunner@ed7f8b4]" started-at="2026-05-01T13:30:36 EDT" name="runScenario" description="Runs Cucumber Scenarios" data-provider="scenarios" finished-at="2026-05-01T13:30:36 EDT" duration-ms="213" status="PASS">
          <params>
            <param index="0">
              <value>
                <![CDATA["Check admin able to delete Order by ID"]]>
              </value>
            </param>
            <param index="1">
              <value>
                <![CDATA["Delete Purchase Order by Id"]]>
              </value>
            </param>
          </params>
          <reporter-output>
          </reporter-output>
        </test-method> <!-- runScenario -->
        <test-method is-config="true" signature="tearDownClass()[pri:0, instance:runner.testRunner@ed7f8b4]" started-at="2026-05-01T13:30:36 EDT" name="tearDownClass" finished-at="2026-05-01T13:30:41 EDT" duration-ms="4828" status="PASS">
          <reporter-output>
          </reporter-output>
        </test-method> <!-- tearDownClass -->
      </class> <!-- runner.testRunner -->
    </test> <!-- Default test -->
  </suite> <!-- Default suite -->
</testng-results>
