<?xml version="1.0" encoding="UTF-8"?>
<!-- Generated by org.testng.reporters.JUnitReportReporter -->
<testsuite hostname="LAPTOP-BPB34IKB" failures="2" tests="9" name="runner.testRunner" time="5.424" errors="0" timestamp="2026-04-24T13:06:50 EDT" skipped="0">
  <testcase classname="runner.testRunner" name="runScenario" time="0.235"/>
  <testcase classname="runner.testRunner" name="runScenario" time="3.071">
    <failure message="Status code mismatch expected [200] but found [405]" type="java.lang.AssertionError">
      <![CDATA[java.lang.AssertionError: Status code mismatch expected [200] but found [405]
at org.testng.Assert.fail(Assert.java:111)
at org.testng.Assert.failNotEquals(Assert.java:1578)
at org.testng.Assert.assertEqualsImpl(Assert.java:150)
at org.testng.Assert.assertEquals(Assert.java:132)
at org.testng.Assert.assertEquals(Assert.java:1419)
at org.testng.Assert.assertEquals(Assert.java:1383)
at stepDefinitions.AddNewPetSteps.a_new_pet_is_added_to_the_store_and_admin_receives_response_code(AddNewPetSteps.java:73)
at ✽.A new pet is added to the store and admin receives response code 200(file:///C:/Users/LaksA/eclipse-workspace/PetStore/src/test/resources/features/pet/01_addNewPet.feature:10)
]]>
    </failure>
  </testcase> <!-- runScenario -->
  <testcase classname="runner.testRunner" name="runScenario" time="0.446"/>
  <testcase classname="runner.testRunner" name="runScenario" time="0.291"/>
  <testcase classname="runner.testRunner" name="runScenario" time="0.236"/>
  <testcase classname="runner.testRunner" name="runScenario" time="0.249"/>
  <testcase classname="runner.testRunner" name="runScenario" time="0.319">
    <failure message="Status code mismatch expected [200] but found [405]" type="java.lang.AssertionError">
      <![CDATA[java.lang.AssertionError: Status code mismatch expected [200] but found [405]
at org.testng.Assert.fail(Assert.java:111)
at org.testng.Assert.failNotEquals(Assert.java:1578)
at org.testng.Assert.assertEqualsImpl(Assert.java:150)
at org.testng.Assert.assertEquals(Assert.java:132)
at org.testng.Assert.assertEquals(Assert.java:1419)
at org.testng.Assert.assertEquals(Assert.java:1383)
at stepDefinitions.AddNewPetSteps.a_new_pet_is_added_to_the_store_and_admin_receives_response_code(AddNewPetSteps.java:73)
at ✽.A new pet is added to the store and admin receives response code 200(file:///C:/Users/LaksA/eclipse-workspace/PetStore/src/test/resources/features/pet/01_addNewPet.feature:10)
]]>
    </failure>
  </testcase> <!-- runScenario -->
  <testcase classname="runner.testRunner" name="runScenario" time="0.287"/>
  <testcase classname="runner.testRunner" name="runScenario" time="0.290"/>
</testsuite> <!-- runner.testRunner -->
